# JRE version: OpenJDK Runtime Environment (8.0_152-b02) (build 1.8.0_152-release-1024-b02)
# Java VM: OpenJDK 64-Bit Server VM (25.152-b02 mixed mode windows-amd64 compressed oops)
Heap:
 PSYoungGen      total 140800K, used 95499K [0x00000000e0000000, 0x00000000ea980000, 0x0000000100000000)
  eden space 129024K, 64% used [0x00000000e0000000,0x00000000e51c6f00,0x00000000e7e00000)
  from space 11776K, 99% used [0x00000000e9e00000,0x00000000ea97bde8,0x00000000ea980000)
  to   space 19968K, 0% used [0x00000000e8280000,0x00000000e8280000,0x00000000e9600000)
 ParOldGen       total 89600K, used 39588K [0x00000000a0000000, 0x00000000a5780000, 0x00000000e0000000)
  object space 89600K, 44% used [0x00000000a0000000,0x00000000a26a91a8,0x00000000a5780000)
 Metaspace       used 70216K, capacity 73920K, committed 74200K, reserved 1114112K
  class space    used 9119K, capacity 9880K, committed 9984K, reserved 1048576K
GC Heap History (10 events):
Event: 540.686 GC heap before
{Heap before GC invocations=23 (full 3):
 PSYoungGen      total 166400K, used 166355K [0x00000000e0000000, 0x00000000ec000000, 0x0000000100000000)
  eden space 154112K, 100% used [0x00000000e0000000,0x00000000e9680000,0x00000000e9680000)
  from space 12288K, 99% used [0x00000000ea600000,0x00000000eb1f4e38,0x00000000eb200000)
  to   space 14336K, 0% used [0x00000000eb200000,0x00000000eb200000,0x00000000ec000000)
 ParOldGen       total 89600K, used 33883K [0x00000000a0000000, 0x00000000a5780000, 0x00000000e0000000)
  object space 89600K, 37% used [0x00000000a0000000,0x00000000a2116f48,0x00000000a5780000)
 Metaspace       used 68192K, capacity 71046K, committed 71128K, reserved 1112064K
  class space    used 8850K, capacity 9462K, committed 9472K, reserved 1048576K
Event: 540.749 GC heap after
Heap after GC invocations=23 (full 3):
 PSYoungGen      total 160256K, used 11666K [0x00000000e0000000, 0x00000000ebd80000, 0x0000000100000000)
  eden space 148480K, 0% used [0x00000000e0000000,0x00000000e0000000,0x00000000e9100000)
  from space 11776K, 99% used [0x00000000eb200000,0x00000000ebd649e0,0x00000000ebd80000)
  to   space 16384K, 0% used [0x00000000e9d80000,0x00000000e9d80000,0x00000000ead80000)
 ParOldGen       total 89600K, used 33891K [0x00000000a0000000, 0x00000000a5780000, 0x00000000e0000000)
  object space 89600K, 37% used [0x00000000a0000000,0x00000000a2118f48,0x00000000a5780000)
 Metaspace       used 68192K, capacity 71046K, committed 71128K, reserved 1112064K
  class space    used 8850K, capacity 9462K, committed 9472K, reserved 1048576K
}
Event: 650.232 GC heap before
{Heap before GC invocations=24 (full 3):
 PSYoungGen      total 160256K, used 160146K [0x00000000e0000000, 0x00000000ebd80000, 0x0000000100000000)
  eden space 148480K, 100% used [0x00000000e0000000,0x00000000e9100000,0x00000000e9100000)
  from space 11776K, 99% used [0x00000000eb200000,0x00000000ebd649e0,0x00000000ebd80000)
  to   space 16384K, 0% used [0x00000000e9d80000,0x00000000e9d80000,0x00000000ead80000)
 ParOldGen       total 89600K, used 33891K [0x00000000a0000000, 0x00000000a5780000, 0x00000000e0000000)
  object space 89600K, 37% used [0x00000000a0000000,0x00000000a2118f48,0x00000000a5780000)
 Metaspace       used 68332K, capacity 71078K, committed 71128K, reserved 1112064K
  class space    used 8853K, capacity 9466K, committed 9472K, reserved 1048576K
Event: 650.252 GC heap after
Heap after GC invocations=24 (full 3):
 PSYoungGen      total 155136K, used 11762K [0x00000000e0000000, 0x00000000eb280000, 0x0000000100000000)
  eden space 143360K, 0% used [0x00000000e0000000,0x00000000e0000000,0x00000000e8c00000)
  from space 11776K, 99% used [0x00000000e9d80000,0x00000000ea8fca00,0x00000000ea900000)
  to   space 9728K, 0% used [0x00000000ea900000,0x00000000ea900000,0x00000000eb280000)
 ParOldGen       total 89600K, used 33899K [0x00000000a0000000, 0x00000000a5780000, 0x00000000e0000000)
  object space 89600K, 37% used [0x00000000a0000000,0x00000000a211af48,0x00000000a5780000)
 Metaspace       used 68332K, capacity 71078K, committed 71128K, reserved 1112064K
  class space    used 8853K, capacity 9466K, committed 9472K, reserved 1048576K
}
Event: 758.124 GC heap before
{Heap before GC invocations=25 (full 3):
 PSYoungGen      total 155136K, used 155122K [0x00000000e0000000, 0x00000000eb280000, 0x0000000100000000)
  eden space 143360K, 100% used [0x00000000e0000000,0x00000000e8c00000,0x00000000e8c00000)
  from space 11776K, 99% used [0x00000000e9d80000,0x00000000ea8fca00,0x00000000ea900000)
  to   space 9728K, 0% used [0x00000000ea900000,0x00000000ea900000,0x00000000eb280000)
 ParOldGen       total 89600K, used 33899K [0x00000000a0000000, 0x00000000a5780000, 0x00000000e0000000)
  object space 89600K, 37% used [0x00000000a0000000,0x00000000a211af48,0x00000000a5780000)
 Metaspace       used 68906K, capacity 72216K, committed 72408K, reserved 1112064K
  class space    used 8938K, capacity 9623K, committed 9728K, reserved 1048576K
Event: 758.142 GC heap after
Heap after GC invocations=25 (full 3):
 PSYoungGen      total 147968K, used 9727K [0x00000000e0000000, 0x00000000eb280000, 0x0000000100000000)
  eden space 138240K, 0% used [0x00000000e0000000,0x00000000e0000000,0x00000000e8700000)
  from space 9728K, 99% used [0x00000000ea900000,0x00000000eb27fdd8,0x00000000eb280000)
  to   space 17408K, 0% used [0x00000000e9080000,0x00000000e9080000,0x00000000ea180000)
 ParOldGen       total 89600K, used 35947K [0x00000000a0000000, 0x00000000a5780000, 0x00000000e0000000)
  object space 89600K, 40% used [0x00000000a0000000,0x00000000a231aec8,0x00000000a5780000)
 Metaspace       used 68906K, capacity 72216K, committed 72408K, reserved 1112064K
  class space    used 8938K, capacity 9623K, committed 9728K, reserved 1048576K
}
Event: 914.194 GC heap before
{Heap before GC invocations=26 (full 3):
 PSYoungGen      total 147968K, used 147967K [0x00000000e0000000, 0x00000000eb280000, 0x0000000100000000)
  eden space 138240K, 100% used [0x00000000e0000000,0x00000000e8700000,0x00000000e8700000)
  from space 9728K, 99% used [0x00000000ea900000,0x00000000eb27fdd8,0x00000000eb280000)
  to   space 17408K, 0% used [0x00000000e9080000,0x00000000e9080000,0x00000000ea180000)
 ParOldGen       total 89600K, used 35947K [0x00000000a0000000, 0x00000000a5780000, 0x00000000e0000000)
  object space 89600K, 40% used [0x00000000a0000000,0x00000000a231aec8,0x00000000a5780000)
 Metaspace       used 69162K, capacity 72626K, committed 72920K, reserved 1112064K
  class space    used 8964K, capacity 9668K, committed 9728K, reserved 1048576K
Event: 914.250 GC heap after
Heap after GC invocations=26 (full 3):
 PSYoungGen      total 147456K, used 13452K [0x00000000e0000000, 0x00000000ea980000, 0x0000000100000000)
  eden space 133632K, 0% used [0x00000000e0000000,0x00000000e0000000,0x00000000e8280000)
  from space 13824K, 97% used [0x00000000e9080000,0x00000000e9da33e8,0x00000000e9e00000)
  to   space 11776K, 0% used [0x00000000e9e00000,0x00000000e9e00000,0x00000000ea980000)
 ParOldGen       total 89600K, used 35955K [0x00000000a0000000, 0x00000000a5780000, 0x00000000e0000000)
  object space 89600K, 40% used [0x00000000a0000000,0x00000000a231cec8,0x00000000a5780000)
 Metaspace       used 69162K, capacity 72626K, committed 72920K, reserved 1112064K
  class space    used 8964K, capacity 9668K, committed 9728K, reserved 1048576K
}
Event: 1339.855 GC heap before
{Heap before GC invocations=27 (full 3):
 PSYoungGen      total 147456K, used 147084K [0x00000000e0000000, 0x00000000ea980000, 0x0000000100000000)
  eden space 133632K, 100% used [0x00000000e0000000,0x00000000e8280000,0x00000000e8280000)
  from space 13824K, 97% used [0x00000000e9080000,0x00000000e9da33e8,0x00000000e9e00000)
  to   space 11776K, 0% used [0x00000000e9e00000,0x00000000e9e00000,0x00000000ea980000)
 ParOldGen       total 89600K, used 35955K [0x00000000a0000000, 0x00000000a5780000, 0x00000000e0000000)
  object space 89600K, 40% used [0x00000000a0000000,0x00000000a231cec8,0x00000000a5780000)
 Metaspace       used 69324K, capacity 72822K, committed 72920K, reserved 1112064K
  class space    used 8964K, capacity 9668K, committed 9728K, reserved 1048576K
Event: 1339.881 GC heap after
Heap after GC invocations=27 (full 3):
 PSYoungGen      total 140800K, used 11759K [0x00000000e0000000, 0x00000000ea980000, 0x0000000100000000)
  eden space 129024K, 0% used [0x00000000e0000000,0x00000000e0000000,0x00000000e7e00000)
  from space 11776K, 99% used [0x00000000e9e00000,0x00000000ea97bde8,0x00000000ea980000)
  to   space 19968K, 0% used [0x00000000e8280000,0x00000000e8280000,0x00000000e9600000)
 ParOldGen       total 89600K, used 39588K [0x00000000a0000000, 0x00000000a5780000, 0x00000000e0000000)
  object space 89600K, 44% used [0x00000000a0000000,0x00000000a26a91a8,0x00000000a5780000)
 Metaspace       used 69324K, capacity 72822K, committed 72920K, reserved 1112064K
  class space    used 8964K, capacity 9668K, committed 9728K, reserved 1048576K
}

