# JRE version: OpenJDK Runtime Environment (8.0_152-b02) (build 1.8.0_152-release-1024-b02)
# Java VM: OpenJDK 64-Bit Server VM (25.152-b02 mixed mode windows-amd64 compressed oops)
Heap:
 PSYoungGen      total 210944K, used 156987K [0x00000000e0000000, 0x00000000f0480000, 0x0000000100000000)
  eden space 190464K, 80% used [0x00000000e0000000,0x00000000e94e8c48,0x00000000eba00000)
  from space 20480K, 21% used [0x00000000eba00000,0x00000000ebe661c0,0x00000000ece00000)
  to   space 19968K, 0% used [0x00000000ef100000,0x00000000ef100000,0x00000000f0480000)
 ParOldGen       total 101888K, used 51726K [0x00000000a0000000, 0x00000000a6380000, 0x00000000e0000000)
  object space 101888K, 50% used [0x00000000a0000000,0x00000000a3283bf8,0x00000000a6380000)
 Metaspace       used 61921K, capacity 64310K, committed 64600K, reserved 1105920K
  class space    used 8471K, capacity 8974K, committed 9088K, reserved 1048576K
GC Heap History (10 events):
Event: 24.679 GC heap before
{Heap before GC invocations=16 (full 2):
 PSYoungGen      total 125440K, used 125432K [0x00000000e0000000, 0x00000000eb000000, 0x0000000100000000)
  eden space 114688K, 100% used [0x00000000e0000000,0x00000000e7000000,0x00000000e7000000)
  from space 10752K, 99% used [0x00000000e7000000,0x00000000e7a7e0b0,0x00000000e7a80000)
  to   space 14848K, 0% used [0x00000000ea180000,0x00000000ea180000,0x00000000eb000000)
 ParOldGen       total 53248K, used 23937K [0x00000000a0000000, 0x00000000a3400000, 0x00000000e0000000)
  object space 53248K, 44% used [0x00000000a0000000,0x00000000a1760698,0x00000000a3400000)
 Metaspace       used 54959K, capacity 56602K, committed 56792K, reserved 1097728K
  class space    used 7514K, capacity 7928K, committed 7936K, reserved 1048576K
Event: 24.714 GC heap after
Heap after GC invocations=16 (full 2):
 PSYoungGen      total 159744K, used 14844K [0x00000000e0000000, 0x00000000eb880000, 0x0000000100000000)
  eden space 144896K, 0% used [0x00000000e0000000,0x00000000e0000000,0x00000000e8d80000)
  from space 14848K, 99% used [0x00000000ea180000,0x00000000eafff020,0x00000000eb000000)
  to   space 20480K, 0% used [0x00000000e8d80000,0x00000000e8d80000,0x00000000ea180000)
 ParOldGen       total 53248K, used 33307K [0x00000000a0000000, 0x00000000a3400000, 0x00000000e0000000)
  object space 53248K, 62% used [0x00000000a0000000,0x00000000a2086e18,0x00000000a3400000)
 Metaspace       used 54959K, capacity 56602K, committed 56792K, reserved 1097728K
  class space    used 7514K, capacity 7928K, committed 7936K, reserved 1048576K
}
Event: 25.479 GC heap before
{Heap before GC invocations=17 (full 2):
 PSYoungGen      total 159744K, used 46355K [0x00000000e0000000, 0x00000000eb880000, 0x0000000100000000)
  eden space 144896K, 21% used [0x00000000e0000000,0x00000000e1ec5f58,0x00000000e8d80000)
  from space 14848K, 99% used [0x00000000ea180000,0x00000000eafff020,0x00000000eb000000)
  to   space 20480K, 0% used [0x00000000e8d80000,0x00000000e8d80000,0x00000000ea180000)
 ParOldGen       total 53248K, used 33307K [0x00000000a0000000, 0x00000000a3400000, 0x00000000e0000000)
  object space 53248K, 62% used [0x00000000a0000000,0x00000000a2086e18,0x00000000a3400000)
 Metaspace       used 57138K, capacity 58844K, committed 58968K, reserved 1099776K
  class space    used 7843K, capacity 8259K, committed 8320K, reserved 1048576K
Event: 25.544 GC heap after
Heap after GC invocations=17 (full 2):
 PSYoungGen      total 165376K, used 12979K [0x00000000e0000000, 0x00000000ef200000, 0x0000000100000000)
  eden space 144896K, 0% used [0x00000000e0000000,0x00000000e0000000,0x00000000e8d80000)
  from space 20480K, 63% used [0x00000000e8d80000,0x00000000e9a2cd20,0x00000000ea180000)
  to   space 20992K, 0% used [0x00000000edd80000,0x00000000edd80000,0x00000000ef200000)
 ParOldGen       total 53248K, used 44754K [0x00000000a0000000, 0x00000000a3400000, 0x00000000e0000000)
  object space 53248K, 84% used [0x00000000a0000000,0x00000000a2bb48a0,0x00000000a3400000)
 Metaspace       used 57138K, capacity 58844K, committed 58968K, reserved 1099776K
  class space    used 7843K, capacity 8259K, committed 8320K, reserved 1048576K
}
Event: 25.544 GC heap before
{Heap before GC invocations=18 (full 3):
 PSYoungGen      total 165376K, used 12979K [0x00000000e0000000, 0x00000000ef200000, 0x0000000100000000)
  eden space 144896K, 0% used [0x00000000e0000000,0x00000000e0000000,0x00000000e8d80000)
  from space 20480K, 63% used [0x00000000e8d80000,0x00000000e9a2cd20,0x00000000ea180000)
  to   space 20992K, 0% used [0x00000000edd80000,0x00000000edd80000,0x00000000ef200000)
 ParOldGen       total 53248K, used 44754K [0x00000000a0000000, 0x00000000a3400000, 0x00000000e0000000)
  object space 53248K, 84% used [0x00000000a0000000,0x00000000a2bb48a0,0x00000000a3400000)
 Metaspace       used 57138K, capacity 58844K, committed 58968K, reserved 1099776K
  class space    used 7843K, capacity 8259K, committed 8320K, reserved 1048576K
Event: 26.033 GC heap after
Heap after GC invocations=18 (full 3):
 PSYoungGen      total 165376K, used 0K [0x00000000e0000000, 0x00000000ef200000, 0x0000000100000000)
  eden space 144896K, 0% used [0x00000000e0000000,0x00000000e0000000,0x00000000e8d80000)
  from space 20480K, 0% used [0x00000000e8d80000,0x00000000e8d80000,0x00000000ea180000)
  to   space 20992K, 0% used [0x00000000edd80000,0x00000000edd80000,0x00000000ef200000)
 ParOldGen       total 101888K, used 49261K [0x00000000a0000000, 0x00000000a6380000, 0x00000000e0000000)
  object space 101888K, 48% used [0x00000000a0000000,0x00000000a301b5c8,0x00000000a6380000)
 Metaspace       used 57123K, capacity 58804K, committed 58968K, reserved 1099776K
  class space    used 7837K, capacity 8249K, committed 8320K, reserved 1048576K
}
Event: 29.473 GC heap before
{Heap before GC invocations=19 (full 3):
 PSYoungGen      total 165376K, used 144368K [0x00000000e0000000, 0x00000000ef200000, 0x0000000100000000)
  eden space 144896K, 99% used [0x00000000e0000000,0x00000000e8cfc2d0,0x00000000e8d80000)
  from space 20480K, 0% used [0x00000000e8d80000,0x00000000e8d80000,0x00000000ea180000)
  to   space 20992K, 0% used [0x00000000edd80000,0x00000000edd80000,0x00000000ef200000)
 ParOldGen       total 101888K, used 49261K [0x00000000a0000000, 0x00000000a6380000, 0x00000000e0000000)
  object space 101888K, 48% used [0x00000000a0000000,0x00000000a301b5c8,0x00000000a6380000)
 Metaspace       used 59697K, capacity 61878K, committed 62168K, reserved 1103872K
  class space    used 8143K, capacity 8586K, committed 8704K, reserved 1048576K
Event: 29.489 GC heap after
Heap after GC invocations=19 (full 3):
 PSYoungGen      total 195072K, used 4295K [0x00000000e0000000, 0x00000000ee200000, 0x0000000100000000)
  eden space 190464K, 0% used [0x00000000e0000000,0x00000000e0000000,0x00000000eba00000)
  from space 4608K, 93% used [0x00000000edd80000,0x00000000ee1b1d58,0x00000000ee200000)
  to   space 20480K, 0% used [0x00000000eba00000,0x00000000eba00000,0x00000000ece00000)
 ParOldGen       total 101888K, used 49269K [0x00000000a0000000, 0x00000000a6380000, 0x00000000e0000000)
  object space 101888K, 48% used [0x00000000a0000000,0x00000000a301d5c8,0x00000000a6380000)
 Metaspace       used 59697K, capacity 61878K, committed 62168K, reserved 1103872K
  class space    used 8143K, capacity 8586K, committed 8704K, reserved 1048576K
}
Event: 30.673 GC heap before
{Heap before GC invocations=20 (full 3):
 PSYoungGen      total 195072K, used 194063K [0x00000000e0000000, 0x00000000ee200000, 0x0000000100000000)
  eden space 190464K, 99% used [0x00000000e0000000,0x00000000eb952270,0x00000000eba00000)
  from space 4608K, 93% used [0x00000000edd80000,0x00000000ee1b1d58,0x00000000ee200000)
  to   space 20480K, 0% used [0x00000000eba00000,0x00000000eba00000,0x00000000ece00000)
 ParOldGen       total 101888K, used 49269K [0x00000000a0000000, 0x00000000a6380000, 0x00000000e0000000)
  object space 101888K, 48% used [0x00000000a0000000,0x00000000a301d5c8,0x00000000a6380000)
 Metaspace       used 60857K, capacity 63146K, committed 63320K, reserved 1103872K
  class space    used 8287K, capacity 8774K, committed 8832K, reserved 1048576K
Event: 30.683 GC heap after
Heap after GC invocations=20 (full 3):
 PSYoungGen      total 210944K, used 4504K [0x00000000e0000000, 0x00000000f0480000, 0x0000000100000000)
  eden space 190464K, 0% used [0x00000000e0000000,0x00000000e0000000,0x00000000eba00000)
  from space 20480K, 21% used [0x00000000eba00000,0x00000000ebe661c0,0x00000000ece00000)
  to   space 19968K, 0% used [0x00000000ef100000,0x00000000ef100000,0x00000000f0480000)
 ParOldGen       total 101888K, used 51726K [0x00000000a0000000, 0x00000000a6380000, 0x00000000e0000000)
  object space 101888K, 50% used [0x00000000a0000000,0x00000000a3283bf8,0x00000000a6380000)
 Metaspace       used 60857K, capacity 63146K, committed 63320K, reserved 1103872K
  class space    used 8287K, capacity 8774K, committed 8832K, reserved 1048576K
}

