# JRE version: OpenJDK Runtime Environment (8.0_152-b02) (build 1.8.0_152-release-1024-b02)
# Java VM: OpenJDK 64-Bit Server VM (25.152-b02 mixed mode windows-amd64 compressed oops)
Heap:
 PSYoungGen      total 211968K, used 144292K [0x00000000e0000000, 0x00000000eeb00000, 0x0000000100000000)
  eden space 183296K, 72% used [0x00000000e0000000,0x00000000e814aa50,0x00000000eb300000)
  from space 28672K, 41% used [0x00000000eb300000,0x00000000ebe9e720,0x00000000ecf00000)
  to   space 20992K, 0% used [0x00000000ed100000,0x00000000ed100000,0x00000000ee580000)
 ParOldGen       total 98304K, used 71479K [0x00000000a0000000, 0x00000000a6000000, 0x00000000e0000000)
  object space 98304K, 72% used [0x00000000a0000000,0x00000000a45cdc60,0x00000000a6000000)
 Metaspace       used 73291K, capacity 76172K, committed 76248K, reserved 1116160K
  class space    used 9613K, capacity 10189K, committed 10240K, reserved 1048576K
GC Heap History (10 events):
Event: 24.788 GC heap before
{Heap before GC invocations=16 (full 2):
 PSYoungGen      total 123904K, used 123903K [0x00000000e0000000, 0x00000000eab00000, 0x0000000100000000)
  eden space 113152K, 100% used [0x00000000e0000000,0x00000000e6e80000,0x00000000e6e80000)
  from space 10752K, 99% used [0x00000000e6e80000,0x00000000e78fff80,0x00000000e7900000)
  to   space 14848K, 0% used [0x00000000e9c80000,0x00000000e9c80000,0x00000000eab00000)
 ParOldGen       total 53760K, used 23525K [0x00000000a0000000, 0x00000000a3480000, 0x00000000e0000000)
  object space 53760K, 43% used [0x00000000a0000000,0x00000000a16f9450,0x00000000a3480000)
 Metaspace       used 56959K, capacity 58566K, committed 58840K, reserved 1099776K
  class space    used 7780K, capacity 8160K, committed 8192K, reserved 1048576K
Event: 24.838 GC heap after
Heap after GC invocations=16 (full 2):
 PSYoungGen      total 158208K, used 14156K [0x00000000e0000000, 0x00000000ead00000, 0x0000000100000000)
  eden space 143360K, 0% used [0x00000000e0000000,0x00000000e0000000,0x00000000e8c00000)
  from space 14848K, 95% used [0x00000000e9c80000,0x00000000eaa533a0,0x00000000eab00000)
  to   space 16896K, 0% used [0x00000000e8c00000,0x00000000e8c00000,0x00000000e9c80000)
 ParOldGen       total 53760K, used 29796K [0x00000000a0000000, 0x00000000a3480000, 0x00000000e0000000)
  object space 53760K, 55% used [0x00000000a0000000,0x00000000a1d19228,0x00000000a3480000)
 Metaspace       used 56959K, capacity 58566K, committed 58840K, reserved 1099776K
  class space    used 7780K, capacity 8160K, committed 8192K, reserved 1048576K
}
Event: 25.526 GC heap before
{Heap before GC invocations=17 (full 2):
 PSYoungGen      total 158208K, used 42090K [0x00000000e0000000, 0x00000000ead00000, 0x0000000100000000)
  eden space 143360K, 19% used [0x00000000e0000000,0x00000000e1b47528,0x00000000e8c00000)
  from space 14848K, 95% used [0x00000000e9c80000,0x00000000eaa533a0,0x00000000eab00000)
  to   space 16896K, 0% used [0x00000000e8c00000,0x00000000e8c00000,0x00000000e9c80000)
 ParOldGen       total 53760K, used 29796K [0x00000000a0000000, 0x00000000a3480000, 0x00000000e0000000)
  object space 53760K, 55% used [0x00000000a0000000,0x00000000a1d19228,0x00000000a3480000)
 Metaspace       used 57347K, capacity 58918K, committed 59028K, reserved 1099776K
  class space    used 7798K, capacity 8192K, committed 8192K, reserved 1048576K
Event: 25.559 GC heap after
Heap after GC invocations=17 (full 2):
 PSYoungGen      total 160256K, used 16884K [0x00000000e0000000, 0x00000000ee580000, 0x0000000100000000)
  eden space 143360K, 0% used [0x00000000e0000000,0x00000000e0000000,0x00000000e8c00000)
  from space 16896K, 99% used [0x00000000e8c00000,0x00000000e9c7d358,0x00000000e9c80000)
  to   space 20992K, 0% used [0x00000000ed100000,0x00000000ed100000,0x00000000ee580000)
 ParOldGen       total 53760K, used 33976K [0x00000000a0000000, 0x00000000a3480000, 0x00000000e0000000)
  object space 53760K, 63% used [0x00000000a0000000,0x00000000a212e370,0x00000000a3480000)
 Metaspace       used 57347K, capacity 58918K, committed 59028K, reserved 1099776K
  class space    used 7798K, capacity 8192K, committed 8192K, reserved 1048576K
}
Event: 25.560 GC heap before
{Heap before GC invocations=18 (full 3):
 PSYoungGen      total 160256K, used 16884K [0x00000000e0000000, 0x00000000ee580000, 0x0000000100000000)
  eden space 143360K, 0% used [0x00000000e0000000,0x00000000e0000000,0x00000000e8c00000)
  from space 16896K, 99% used [0x00000000e8c00000,0x00000000e9c7d358,0x00000000e9c80000)
  to   space 20992K, 0% used [0x00000000ed100000,0x00000000ed100000,0x00000000ee580000)
 ParOldGen       total 53760K, used 33976K [0x00000000a0000000, 0x00000000a3480000, 0x00000000e0000000)
  object space 53760K, 63% used [0x00000000a0000000,0x00000000a212e370,0x00000000a3480000)
 Metaspace       used 57347K, capacity 58918K, committed 59028K, reserved 1099776K
  class space    used 7798K, capacity 8192K, committed 8192K, reserved 1048576K
Event: 25.999 GC heap after
Heap after GC invocations=18 (full 3):
 PSYoungGen      total 160256K, used 0K [0x00000000e0000000, 0x00000000ee580000, 0x0000000100000000)
  eden space 143360K, 0% used [0x00000000e0000000,0x00000000e0000000,0x00000000e8c00000)
  from space 16896K, 0% used [0x00000000e8c00000,0x00000000e8c00000,0x00000000e9c80000)
  to   space 20992K, 0% used [0x00000000ed100000,0x00000000ed100000,0x00000000ee580000)
 ParOldGen       total 98304K, used 46038K [0x00000000a0000000, 0x00000000a6000000, 0x00000000e0000000)
  object space 98304K, 46% used [0x00000000a0000000,0x00000000a2cf5aa8,0x00000000a6000000)
 Metaspace       used 57347K, capacity 58918K, committed 59028K, reserved 1099776K
  class space    used 7798K, capacity 8192K, committed 8192K, reserved 1048576K
}
Event: 32.428 GC heap before
{Heap before GC invocations=19 (full 3):
 PSYoungGen      total 160256K, used 143360K [0x00000000e0000000, 0x00000000ee580000, 0x0000000100000000)
  eden space 143360K, 100% used [0x00000000e0000000,0x00000000e8c00000,0x00000000e8c00000)
  from space 16896K, 0% used [0x00000000e8c00000,0x00000000e8c00000,0x00000000e9c80000)
  to   space 20992K, 0% used [0x00000000ed100000,0x00000000ed100000,0x00000000ee580000)
 ParOldGen       total 98304K, used 46038K [0x00000000a0000000, 0x00000000a6000000, 0x00000000e0000000)
  object space 98304K, 46% used [0x00000000a0000000,0x00000000a2cf5aa8,0x00000000a6000000)
 Metaspace       used 66657K, capacity 69108K, committed 69464K, reserved 1110016K
  class space    used 9001K, capacity 9511K, committed 9600K, reserved 1048576K
Event: 32.499 GC heap after
Heap after GC invocations=19 (full 3):
 PSYoungGen      total 204288K, used 20989K [0x00000000e0000000, 0x00000000eeb00000, 0x0000000100000000)
  eden space 183296K, 0% used [0x00000000e0000000,0x00000000e0000000,0x00000000eb300000)
  from space 20992K, 99% used [0x00000000ed100000,0x00000000ee57f678,0x00000000ee580000)
  to   space 28672K, 0% used [0x00000000eb300000,0x00000000eb300000,0x00000000ecf00000)
 ParOldGen       total 98304K, used 57809K [0x00000000a0000000, 0x00000000a6000000, 0x00000000e0000000)
  object space 98304K, 58% used [0x00000000a0000000,0x00000000a3874628,0x00000000a6000000)
 Metaspace       used 66657K, capacity 69108K, committed 69464K, reserved 1110016K
  class space    used 9001K, capacity 9511K, committed 9600K, reserved 1048576K
}
Event: 2752.963 GC heap before
{Heap before GC invocations=20 (full 3):
 PSYoungGen      total 204288K, used 204285K [0x00000000e0000000, 0x00000000eeb00000, 0x0000000100000000)
  eden space 183296K, 100% used [0x00000000e0000000,0x00000000eb300000,0x00000000eb300000)
  from space 20992K, 99% used [0x00000000ed100000,0x00000000ee57f678,0x00000000ee580000)
  to   space 28672K, 0% used [0x00000000eb300000,0x00000000eb300000,0x00000000ecf00000)
 ParOldGen       total 98304K, used 57809K [0x00000000a0000000, 0x00000000a6000000, 0x00000000e0000000)
  object space 98304K, 58% used [0x00000000a0000000,0x00000000a3874628,0x00000000a6000000)
 Metaspace       used 72616K, capacity 75440K, committed 75736K, reserved 1114112K
  class space    used 9603K, capacity 10177K, committed 10240K, reserved 1048576K
Event: 2753.049 GC heap after
Heap after GC invocations=20 (full 3):
 PSYoungGen      total 211968K, used 11897K [0x00000000e0000000, 0x00000000eeb00000, 0x0000000100000000)
  eden space 183296K, 0% used [0x00000000e0000000,0x00000000e0000000,0x00000000eb300000)
  from space 28672K, 41% used [0x00000000eb300000,0x00000000ebe9e720,0x00000000ecf00000)
  to   space 20992K, 0% used [0x00000000ed100000,0x00000000ed100000,0x00000000ee580000)
 ParOldGen       total 98304K, used 71479K [0x00000000a0000000, 0x00000000a6000000, 0x00000000e0000000)
  object space 98304K, 72% used [0x00000000a0000000,0x00000000a45cdc60,0x00000000a6000000)
 Metaspace       used 72616K, capacity 75440K, committed 75736K, reserved 1114112K
  class space    used 9603K, capacity 10177K, committed 10240K, reserved 1048576K
}

