# JRE version: Java(TM) SE Runtime Environment (8.0_201-b09) (build 1.8.0_201-b09)
# Java VM: Java HotSpot(TM) 64-Bit Server VM (25.201-b09 mixed mode windows-amd64 compressed oops)
Heap:
 PSYoungGen      total 208384K, used 175705K [0x00000000e0000000, 0x00000000ee280000, 0x0000000100000000)
  eden space 185856K, 90% used [0x00000000e0000000,0x00000000ea360058,0x00000000eb580000)
  from space 22528K, 37% used [0x00000000ecc80000,0x00000000ed4b64f8,0x00000000ee280000)
  to   space 23040K, 99% used [0x00000000eb580000,0x00000000ecbfec58,0x00000000ecc00000)
 ParOldGen       total 83968K, used 54875K [0x00000000a0000000, 0x00000000a5200000, 0x00000000e0000000)
  object space 83968K, 65% used [0x00000000a0000000,0x00000000a3598f78,0x00000000a5200000)
 Metaspace       used 88071K, capacity 91036K, committed 91136K, reserved 1128448K
  class space    used 11575K, capacity 12276K, committed 12288K, reserved 1048576K
GC Heap History (10 events):
Event: 45.128 GC heap after
Heap after GC invocations=21 (full 3):
 PSYoungGen      total 163840K, used 9439K [0x00000000e0000000, 0x00000000eb380000, 0x0000000100000000)
  eden space 143872K, 0% used [0x00000000e0000000,0x00000000e0000000,0x00000000e8c80000)
  from space 19968K, 47% used [0x00000000e9f80000,0x00000000ea8b7d60,0x00000000eb300000)
  to   space 19456K, 0% used [0x00000000e8c80000,0x00000000e8c80000,0x00000000e9f80000)
 ParOldGen       total 83968K, used 47783K [0x00000000a0000000, 0x00000000a5200000, 0x00000000e0000000)
  object space 83968K, 56% used [0x00000000a0000000,0x00000000a2ea9df8,0x00000000a5200000)
 Metaspace       used 65262K, capacity 67156K, committed 67456K, reserved 1107968K
  class space    used 8989K, capacity 9534K, committed 9600K, reserved 1048576K
}
Event: 46.595 GC heap before
{Heap before GC invocations=22 (full 3):
 PSYoungGen      total 163840K, used 153311K [0x00000000e0000000, 0x00000000eb380000, 0x0000000100000000)
  eden space 143872K, 100% used [0x00000000e0000000,0x00000000e8c80000,0x00000000e8c80000)
  from space 19968K, 47% used [0x00000000e9f80000,0x00000000ea8b7d60,0x00000000eb300000)
  to   space 19456K, 0% used [0x00000000e8c80000,0x00000000e8c80000,0x00000000e9f80000)
 ParOldGen       total 83968K, used 47783K [0x00000000a0000000, 0x00000000a5200000, 0x00000000e0000000)
  object space 83968K, 56% used [0x00000000a0000000,0x00000000a2ea9df8,0x00000000a5200000)
 Metaspace       used 65281K, capacity 67156K, committed 67456K, reserved 1107968K
  class space    used 8990K, capacity 9534K, committed 9600K, reserved 1048576K
Event: 46.637 GC heap after
Heap after GC invocations=22 (full 3):
 PSYoungGen      total 163328K, used 15521K [0x00000000e0000000, 0x00000000ecd80000, 0x0000000100000000)
  eden space 143872K, 0% used [0x00000000e0000000,0x00000000e0000000,0x00000000e8c80000)
  from space 19456K, 79% used [0x00000000e8c80000,0x00000000e9ba8738,0x00000000e9f80000)
  to   space 20480K, 0% used [0x00000000eb980000,0x00000000eb980000,0x00000000ecd80000)
 ParOldGen       total 83968K, used 47791K [0x00000000a0000000, 0x00000000a5200000, 0x00000000e0000000)
  object space 83968K, 56% used [0x00000000a0000000,0x00000000a2eabdf8,0x00000000a5200000)
 Metaspace       used 65281K, capacity 67156K, committed 67456K, reserved 1107968K
  class space    used 8990K, capacity 9534K, committed 9600K, reserved 1048576K
}
Event: 136.036 GC heap before
{Heap before GC invocations=23 (full 3):
 PSYoungGen      total 163328K, used 159393K [0x00000000e0000000, 0x00000000ecd80000, 0x0000000100000000)
  eden space 143872K, 100% used [0x00000000e0000000,0x00000000e8c80000,0x00000000e8c80000)
  from space 19456K, 79% used [0x00000000e8c80000,0x00000000e9ba8738,0x00000000e9f80000)
  to   space 20480K, 0% used [0x00000000eb980000,0x00000000eb980000,0x00000000ecd80000)
 ParOldGen       total 83968K, used 47791K [0x00000000a0000000, 0x00000000a5200000, 0x00000000e0000000)
  object space 83968K, 56% used [0x00000000a0000000,0x00000000a2eabdf8,0x00000000a5200000)
 Metaspace       used 70912K, capacity 73338K, committed 73472K, reserved 1112064K
  class space    used 9543K, capacity 10159K, committed 10240K, reserved 1048576K
Event: 136.098 GC heap after
Heap after GC invocations=23 (full 3):
 PSYoungGen      total 185344K, used 20470K [0x00000000e0000000, 0x00000000ed300000, 0x0000000100000000)
  eden space 164864K, 0% used [0x00000000e0000000,0x00000000e0000000,0x00000000ea100000)
  from space 20480K, 99% used [0x00000000eb980000,0x00000000ecd7d958,0x00000000ecd80000)
  to   space 25088K, 0% used [0x00000000ea100000,0x00000000ea100000,0x00000000eb980000)
 ParOldGen       total 83968K, used 51632K [0x00000000a0000000, 0x00000000a5200000, 0x00000000e0000000)
  object space 83968K, 61% used [0x00000000a0000000,0x00000000a326c190,0x00000000a5200000)
 Metaspace       used 70912K, capacity 73338K, committed 73472K, reserved 1112064K
  class space    used 9543K, capacity 10159K, committed 10240K, reserved 1048576K
}
Event: 166.181 GC heap before
{Heap before GC invocations=24 (full 3):
 PSYoungGen      total 185344K, used 185334K [0x00000000e0000000, 0x00000000ed300000, 0x0000000100000000)
  eden space 164864K, 100% used [0x00000000e0000000,0x00000000ea100000,0x00000000ea100000)
  from space 20480K, 99% used [0x00000000eb980000,0x00000000ecd7d958,0x00000000ecd80000)
  to   space 25088K, 0% used [0x00000000ea100000,0x00000000ea100000,0x00000000eb980000)
 ParOldGen       total 83968K, used 51632K [0x00000000a0000000, 0x00000000a5200000, 0x00000000e0000000)
  object space 83968K, 61% used [0x00000000a0000000,0x00000000a326c190,0x00000000a5200000)
 Metaspace       used 75867K, capacity 78250K, committed 78592K, reserved 1118208K
  class space    used 10068K, capacity 10675K, committed 10752K, reserved 1048576K
Event: 166.203 GC heap after
Heap after GC invocations=24 (full 3):
 PSYoungGen      total 189952K, used 10690K [0x00000000e0000000, 0x00000000ee380000, 0x0000000100000000)
  eden space 164864K, 0% used [0x00000000e0000000,0x00000000e0000000,0x00000000ea100000)
  from space 25088K, 42% used [0x00000000ea100000,0x00000000eab709d0,0x00000000eb980000)
  to   space 23552K, 0% used [0x00000000ecc80000,0x00000000ecc80000,0x00000000ee380000)
 ParOldGen       total 83968K, used 53100K [0x00000000a0000000, 0x00000000a5200000, 0x00000000e0000000)
  object space 83968K, 63% used [0x00000000a0000000,0x00000000a33db1f0,0x00000000a5200000)
 Metaspace       used 75867K, capacity 78250K, committed 78592K, reserved 1118208K
  class space    used 10068K, capacity 10675K, committed 10752K, reserved 1048576K
}
Event: 168.166 GC heap before
{Heap before GC invocations=25 (full 3):
 PSYoungGen      total 189952K, used 175554K [0x00000000e0000000, 0x00000000ee380000, 0x0000000100000000)
  eden space 164864K, 100% used [0x00000000e0000000,0x00000000ea100000,0x00000000ea100000)
  from space 25088K, 42% used [0x00000000ea100000,0x00000000eab709d0,0x00000000eb980000)
  to   space 23552K, 0% used [0x00000000ecc80000,0x00000000ecc80000,0x00000000ee380000)
 ParOldGen       total 83968K, used 53100K [0x00000000a0000000, 0x00000000a5200000, 0x00000000e0000000)
  object space 83968K, 63% used [0x00000000a0000000,0x00000000a33db1f0,0x00000000a5200000)
 Metaspace       used 76139K, capacity 78610K, committed 78848K, reserved 1118208K
  class space    used 10094K, capacity 10709K, committed 10752K, reserved 1048576K
Event: 168.187 GC heap after
Heap after GC invocations=25 (full 3):
 PSYoungGen      total 208384K, used 8409K [0x00000000e0000000, 0x00000000ee280000, 0x0000000100000000)
  eden space 185856K, 0% used [0x00000000e0000000,0x00000000e0000000,0x00000000eb580000)
  from space 22528K, 37% used [0x00000000ecc80000,0x00000000ed4b64f8,0x00000000ee280000)
  to   space 23040K, 0% used [0x00000000eb580000,0x00000000eb580000,0x00000000ecc00000)
 ParOldGen       total 83968K, used 53108K [0x00000000a0000000, 0x00000000a5200000, 0x00000000e0000000)
  object space 83968K, 63% used [0x00000000a0000000,0x00000000a33dd1f0,0x00000000a5200000)
 Metaspace       used 76139K, capacity 78610K, committed 78848K, reserved 1118208K
  class space    used 10094K, capacity 10709K, committed 10752K, reserved 1048576K
}
Event: 177.546 GC heap before
{Heap before GC invocations=26 (full 3):
 PSYoungGen      total 208384K, used 175705K [0x00000000e0000000, 0x00000000ee280000, 0x0000000100000000)
  eden space 185856K, 90% used [0x00000000e0000000,0x00000000ea360058,0x00000000eb580000)
  from space 22528K, 37% used [0x00000000ecc80000,0x00000000ed4b64f8,0x00000000ee280000)
  to   space 23040K, 0% used [0x00000000eb580000,0x00000000eb580000,0x00000000ecc00000)
 ParOldGen       total 83968K, used 53108K [0x00000000a0000000, 0x00000000a5200000, 0x00000000e0000000)
  object space 83968K, 63% used [0x00000000a0000000,0x00000000a33dd1f0,0x00000000a5200000)
 Metaspace       used 88071K, capacity 91036K, committed 91136K, reserved 1128448K
  class space    used 11575K, capacity 12276K, committed 12288K, reserved 1048576K

