# JRE version: OpenJDK Runtime Environment (8.0_152-b02) (build 1.8.0_152-release-1024-b02)
# Java VM: OpenJDK 64-Bit Server VM (25.152-b02 mixed mode windows-amd64 compressed oops)
Heap:
 PSYoungGen      total 159744K, used 159716K [0x00000000e0000000, 0x00000000eb700000, 0x0000000100000000)
  eden space 141312K, 100% used [0x00000000e0000000,0x00000000e8a00000,0x00000000e8a00000)
  from space 18432K, 99% used [0x00000000ea300000,0x00000000eb4f9340,0x00000000eb500000)
  to   space 23040K, 0% used [0x00000000e8a00000,0x00000000e8a08000,0x00000000ea080000)
 ParOldGen       total 103424K, used 67815K [0x00000000a0000000, 0x00000000a6500000, 0x00000000e0000000)
  object space 103424K, 65% used [0x00000000a0000000,0x00000000a423beb0,0x00000000a6500000)
 Metaspace       used 81206K, capacity 84958K, committed 85120K, reserved 1122304K
  class space    used 10528K, capacity 11364K, committed 11392K, reserved 1048576K
GC Heap History (10 events):
Event: 2723.139 GC heap before
{Heap before GC invocations=19 (full 3):
 PSYoungGen      total 153600K, used 137728K [0x00000000e0000000, 0x00000000ecc00000, 0x0000000100000000)
  eden space 137728K, 100% used [0x00000000e0000000,0x00000000e8680000,0x00000000e8680000)
  from space 15872K, 0% used [0x00000000e8680000,0x00000000e8680000,0x00000000e9600000)
  to   space 15872K, 0% used [0x00000000ebc80000,0x00000000ebc80000,0x00000000ecc00000)
 ParOldGen       total 103424K, used 44453K [0x00000000a0000000, 0x00000000a6500000, 0x00000000e0000000)
  object space 103424K, 42% used [0x00000000a0000000,0x00000000a2b69670,0x00000000a6500000)
 Metaspace       used 62321K, capacity 64612K, committed 64768K, reserved 1105920K
  class space    used 8328K, capacity 8905K, committed 8960K, reserved 1048576K
Event: 2723.174 GC heap after
Heap after GC invocations=19 (full 3):
 PSYoungGen      total 170496K, used 6580K [0x00000000e0000000, 0x00000000ec300000, 0x0000000100000000)
  eden space 163840K, 0% used [0x00000000e0000000,0x00000000e0000000,0x00000000ea000000)
  from space 6656K, 98% used [0x00000000ebc80000,0x00000000ec2ed058,0x00000000ec300000)
  to   space 14848K, 0% used [0x00000000ea600000,0x00000000ea600000,0x00000000eb480000)
 ParOldGen       total 103424K, used 44461K [0x00000000a0000000, 0x00000000a6500000, 0x00000000e0000000)
  object space 103424K, 42% used [0x00000000a0000000,0x00000000a2b6b670,0x00000000a6500000)
 Metaspace       used 62321K, capacity 64612K, committed 64768K, reserved 1105920K
  class space    used 8328K, capacity 8905K, committed 8960K, reserved 1048576K
}
Event: 3350.289 GC heap before
{Heap before GC invocations=20 (full 3):
 PSYoungGen      total 170496K, used 170420K [0x00000000e0000000, 0x00000000ec300000, 0x0000000100000000)
  eden space 163840K, 100% used [0x00000000e0000000,0x00000000ea000000,0x00000000ea000000)
  from space 6656K, 98% used [0x00000000ebc80000,0x00000000ec2ed058,0x00000000ec300000)
  to   space 14848K, 0% used [0x00000000ea600000,0x00000000ea600000,0x00000000eb480000)
 ParOldGen       total 103424K, used 44461K [0x00000000a0000000, 0x00000000a6500000, 0x00000000e0000000)
  object space 103424K, 42% used [0x00000000a0000000,0x00000000a2b6b670,0x00000000a6500000)
 Metaspace       used 66036K, capacity 68368K, committed 68736K, reserved 1107968K
  class space    used 8686K, capacity 9279K, committed 9344K, reserved 1048576K
Event: 3350.321 GC heap after
Heap after GC invocations=20 (full 3):
 PSYoungGen      total 172544K, used 14825K [0x00000000e0000000, 0x00000000ebe00000, 0x0000000100000000)
  eden space 157696K, 0% used [0x00000000e0000000,0x00000000e0000000,0x00000000e9a00000)
  from space 14848K, 99% used [0x00000000ea600000,0x00000000eb47a5c0,0x00000000eb480000)
  to   space 9728K, 0% used [0x00000000eb480000,0x00000000eb480000,0x00000000ebe00000)
 ParOldGen       total 103424K, used 47703K [0x00000000a0000000, 0x00000000a6500000, 0x00000000e0000000)
  object space 103424K, 46% used [0x00000000a0000000,0x00000000a2e95d18,0x00000000a6500000)
 Metaspace       used 66036K, capacity 68368K, committed 68736K, reserved 1107968K
  class space    used 8686K, capacity 9279K, committed 9344K, reserved 1048576K
}
Event: 10726.853 GC heap before
{Heap before GC invocations=21 (full 3):
 PSYoungGen      total 172544K, used 172521K [0x00000000e0000000, 0x00000000ebe00000, 0x0000000100000000)
  eden space 157696K, 100% used [0x00000000e0000000,0x00000000e9a00000,0x00000000e9a00000)
  from space 14848K, 99% used [0x00000000ea600000,0x00000000eb47a5c0,0x00000000eb480000)
  to   space 9728K, 0% used [0x00000000eb480000,0x00000000eb480000,0x00000000ebe00000)
 ParOldGen       total 103424K, used 47703K [0x00000000a0000000, 0x00000000a6500000, 0x00000000e0000000)
  object space 103424K, 46% used [0x00000000a0000000,0x00000000a2e95d18,0x00000000a6500000)
 Metaspace       used 66769K, capacity 69354K, committed 69632K, reserved 1110016K
  class space    used 8743K, capacity 9366K, committed 9472K, reserved 1048576K
Event: 10726.913 GC heap after
Heap after GC invocations=21 (full 3):
 PSYoungGen      total 161792K, used 9714K [0x00000000e0000000, 0x00000000ebe00000, 0x0000000100000000)
  eden space 152064K, 0% used [0x00000000e0000000,0x00000000e0000000,0x00000000e9480000)
  from space 9728K, 99% used [0x00000000eb480000,0x00000000ebdfcb98,0x00000000ebe00000)
  to   space 19456K, 0% used [0x00000000e9800000,0x00000000e9800000,0x00000000eab00000)
 ParOldGen       total 103424K, used 51747K [0x00000000a0000000, 0x00000000a6500000, 0x00000000e0000000)
  object space 103424K, 50% used [0x00000000a0000000,0x00000000a3288f18,0x00000000a6500000)
 Metaspace       used 66769K, capacity 69354K, committed 69632K, reserved 1110016K
  class space    used 8743K, capacity 9366K, committed 9472K, reserved 1048576K
}
Event: 10750.559 GC heap before
{Heap before GC invocations=22 (full 3):
 PSYoungGen      total 161792K, used 161778K [0x00000000e0000000, 0x00000000ebe00000, 0x0000000100000000)
  eden space 152064K, 100% used [0x00000000e0000000,0x00000000e9480000,0x00000000e9480000)
  from space 9728K, 99% used [0x00000000eb480000,0x00000000ebdfcb98,0x00000000ebe00000)
  to   space 19456K, 0% used [0x00000000e9800000,0x00000000e9800000,0x00000000eab00000)
 ParOldGen       total 103424K, used 51747K [0x00000000a0000000, 0x00000000a6500000, 0x00000000e0000000)
  object space 103424K, 50% used [0x00000000a0000000,0x00000000a3288f18,0x00000000a6500000)
 Metaspace       used 72692K, capacity 75428K, committed 75648K, reserved 1114112K
  class space    used 9413K, capacity 10071K, committed 10112K, reserved 1048576K
Event: 10750.597 GC heap after
Heap after GC invocations=22 (full 3):
 PSYoungGen      total 155648K, used 9010K [0x00000000e0000000, 0x00000000eb500000, 0x0000000100000000)
  eden space 146432K, 0% used [0x00000000e0000000,0x00000000e0000000,0x00000000e8f00000)
  from space 9216K, 97% used [0x00000000e9800000,0x00000000ea0ccb00,0x00000000ea100000)
  to   space 18432K, 0% used [0x00000000ea300000,0x00000000ea300000,0x00000000eb500000)
 ParOldGen       total 103424K, used 61364K [0x00000000a0000000, 0x00000000a6500000, 0x00000000e0000000)
  object space 103424K, 59% used [0x00000000a0000000,0x00000000a3bed020,0x00000000a6500000)
 Metaspace       used 72692K, capacity 75428K, committed 75648K, reserved 1114112K
  class space    used 9413K, capacity 10071K, committed 10112K, reserved 1048576K
}
Event: 10754.858 GC heap before
{Heap before GC invocations=23 (full 3):
 PSYoungGen      total 155648K, used 155442K [0x00000000e0000000, 0x00000000eb500000, 0x0000000100000000)
  eden space 146432K, 100% used [0x00000000e0000000,0x00000000e8f00000,0x00000000e8f00000)
  from space 9216K, 97% used [0x00000000e9800000,0x00000000ea0ccb00,0x00000000ea100000)
  to   space 18432K, 0% used [0x00000000ea300000,0x00000000ea300000,0x00000000eb500000)
 ParOldGen       total 103424K, used 61364K [0x00000000a0000000, 0x00000000a6500000, 0x00000000e0000000)
  object space 103424K, 59% used [0x00000000a0000000,0x00000000a3bed020,0x00000000a6500000)
 Metaspace       used 80070K, capacity 83778K, committed 83968K, reserved 1122304K
  class space    used 10392K, capacity 11210K, committed 11264K, reserved 1048576K
Event: 10754.890 GC heap after
Heap after GC invocations=23 (full 3):
 PSYoungGen      total 159744K, used 18404K [0x00000000e0000000, 0x00000000eb700000, 0x0000000100000000)
  eden space 141312K, 0% used [0x00000000e0000000,0x00000000e0000000,0x00000000e8a00000)
  from space 18432K, 99% used [0x00000000ea300000,0x00000000eb4f9340,0x00000000eb500000)
  to   space 23040K, 0% used [0x00000000e8a00000,0x00000000e8a00000,0x00000000ea080000)
 ParOldGen       total 103424K, used 67255K [0x00000000a0000000, 0x00000000a6500000, 0x00000000e0000000)
  object space 103424K, 65% used [0x00000000a0000000,0x00000000a41adea0,0x00000000a6500000)
 Metaspace       used 80070K, capacity 83778K, committed 83968K, reserved 1122304K
  class space    used 10392K, capacity 11210K, committed 11264K, reserved 1048576K
}

