# JRE version: Java(TM) SE Runtime Environment (8.0_201-b09) (build 1.8.0_201-b09)
# Java VM: Java HotSpot(TM) 64-Bit Server VM (25.201-b09 mixed mode windows-amd64 compressed oops)
Heap:
 PSYoungGen      total 74752K, used 9335K [0x00000000e0000000, 0x00000000e6680000, 0x0000000100000000)
  eden space 69120K, 10% used [0x00000000e0000000,0x00000000e0765dd8,0x00000000e4380000)
  from space 5632K, 31% used [0x00000000e4380000,0x00000000e4538000,0x00000000e4900000)
  to   space 9728K, 0% used [0x00000000e5d00000,0x00000000e5d00000,0x00000000e6680000)
 ParOldGen       total 32256K, used 25834K [0x00000000a0000000, 0x00000000a1f80000, 0x00000000e0000000)
  object space 32256K, 80% used [0x00000000a0000000,0x00000000a193aa60,0x00000000a1f80000)
 Metaspace       used 40960K, capacity 41790K, committed 42112K, reserved 1085440K
  class space    used 5442K, capacity 5702K, committed 5760K, reserved 1048576K
GC Heap History (10 events):
Event: 28.997 GC heap before
{Heap before GC invocations=21 (full 1):
 PSYoungGen      total 59904K, used 58432K [0x00000000e0000000, 0x00000000e4e80000, 0x0000000100000000)
  eden space 54272K, 100% used [0x00000000e0000000,0x00000000e3500000,0x00000000e3500000)
  from space 5632K, 73% used [0x00000000e3500000,0x00000000e3910010,0x00000000e3a80000)
  to   space 5632K, 0% used [0x00000000e4900000,0x00000000e4900000,0x00000000e4e80000)
 ParOldGen       total 32256K, used 18774K [0x00000000a0000000, 0x00000000a1f80000, 0x00000000e0000000)
  object space 32256K, 58% used [0x00000000a0000000,0x00000000a1255a30,0x00000000a1f80000)
 Metaspace       used 28700K, capacity 29094K, committed 29312K, reserved 1075200K
  class space    used 3996K, capacity 4149K, committed 4224K, reserved 1048576K
Event: 29.015 GC heap after
Heap after GC invocations=21 (full 1):
 PSYoungGen      total 74752K, used 4009K [0x00000000e0000000, 0x00000000e5000000, 0x0000000100000000)
  eden space 69120K, 0% used [0x00000000e0000000,0x00000000e0000000,0x00000000e4380000)
  from space 5632K, 71% used [0x00000000e4900000,0x00000000e4cea798,0x00000000e4e80000)
  to   space 5632K, 0% used [0x00000000e4380000,0x00000000e4380000,0x00000000e4900000)
 ParOldGen       total 32256K, used 22302K [0x00000000a0000000, 0x00000000a1f80000, 0x00000000e0000000)
  object space 32256K, 69% used [0x00000000a0000000,0x00000000a15c7a30,0x00000000a1f80000)
 Metaspace       used 28700K, capacity 29094K, committed 29312K, reserved 1075200K
  class space    used 3996K, capacity 4149K, committed 4224K, reserved 1048576K
}
Event: 32.851 GC heap before
{Heap before GC invocations=22 (full 1):
 PSYoungGen      total 74752K, used 73129K [0x00000000e0000000, 0x00000000e5000000, 0x0000000100000000)
  eden space 69120K, 100% used [0x00000000e0000000,0x00000000e4380000,0x00000000e4380000)
  from space 5632K, 71% used [0x00000000e4900000,0x00000000e4cea798,0x00000000e4e80000)
  to   space 5632K, 0% used [0x00000000e4380000,0x00000000e4380000,0x00000000e4900000)
 ParOldGen       total 32256K, used 22302K [0x00000000a0000000, 0x00000000a1f80000, 0x00000000e0000000)
  object space 32256K, 69% used [0x00000000a0000000,0x00000000a15c7a30,0x00000000a1f80000)
 Metaspace       used 32922K, capacity 33672K, committed 33792K, reserved 1079296K
  class space    used 4588K, capacity 4840K, committed 4864K, reserved 1048576K
Event: 32.875 GC heap after
Heap after GC invocations=22 (full 1):
 PSYoungGen      total 74752K, used 5631K [0x00000000e0000000, 0x00000000e5000000, 0x0000000100000000)
  eden space 69120K, 0% used [0x00000000e0000000,0x00000000e0000000,0x00000000e4380000)
  from space 5632K, 99% used [0x00000000e4380000,0x00000000e48ffc08,0x00000000e4900000)
  to   space 5632K, 0% used [0x00000000e4900000,0x00000000e4900000,0x00000000e4e80000)
 ParOldGen       total 32256K, used 27330K [0x00000000a0000000, 0x00000000a1f80000, 0x00000000e0000000)
  object space 32256K, 84% used [0x00000000a0000000,0x00000000a1ab0a40,0x00000000a1f80000)
 Metaspace       used 32922K, capacity 33672K, committed 33792K, reserved 1079296K
  class space    used 4588K, capacity 4840K, committed 4864K, reserved 1048576K
}
Event: 32.876 GC heap before
{Heap before GC invocations=23 (full 2):
 PSYoungGen      total 74752K, used 5631K [0x00000000e0000000, 0x00000000e5000000, 0x0000000100000000)
  eden space 69120K, 0% used [0x00000000e0000000,0x00000000e0000000,0x00000000e4380000)
  from space 5632K, 99% used [0x00000000e4380000,0x00000000e48ffc08,0x00000000e4900000)
  to   space 5632K, 0% used [0x00000000e4900000,0x00000000e4900000,0x00000000e4e80000)
 ParOldGen       total 32256K, used 27330K [0x00000000a0000000, 0x00000000a1f80000, 0x00000000e0000000)
  object space 32256K, 84% used [0x00000000a0000000,0x00000000a1ab0a40,0x00000000a1f80000)
 Metaspace       used 32922K, capacity 33672K, committed 33792K, reserved 1079296K
  class space    used 4588K, capacity 4840K, committed 4864K, reserved 1048576K
Event: 32.943 GC heap after
Heap after GC invocations=23 (full 2):
 PSYoungGen      total 74752K, used 0K [0x00000000e0000000, 0x00000000e5000000, 0x0000000100000000)
  eden space 69120K, 0% used [0x00000000e0000000,0x00000000e0000000,0x00000000e4380000)
  from space 5632K, 0% used [0x00000000e4380000,0x00000000e4380000,0x00000000e4900000)
  to   space 5632K, 0% used [0x00000000e4900000,0x00000000e4900000,0x00000000e4e80000)
 ParOldGen       total 32256K, used 17864K [0x00000000a0000000, 0x00000000a1f80000, 0x00000000e0000000)
  object space 32256K, 55% used [0x00000000a0000000,0x00000000a11722e0,0x00000000a1f80000)
 Metaspace       used 32863K, capacity 33532K, committed 33792K, reserved 1079296K
  class space    used 4569K, capacity 4792K, committed 4864K, reserved 1048576K
}
Event: 40.758 GC heap before
{Heap before GC invocations=24 (full 2):
 PSYoungGen      total 74752K, used 69120K [0x00000000e0000000, 0x00000000e5000000, 0x0000000100000000)
  eden space 69120K, 100% used [0x00000000e0000000,0x00000000e4380000,0x00000000e4380000)
  from space 5632K, 0% used [0x00000000e4380000,0x00000000e4380000,0x00000000e4900000)
  to   space 5632K, 0% used [0x00000000e4900000,0x00000000e4900000,0x00000000e4e80000)
 ParOldGen       total 32256K, used 17864K [0x00000000a0000000, 0x00000000a1f80000, 0x00000000e0000000)
  object space 32256K, 55% used [0x00000000a0000000,0x00000000a11722e0,0x00000000a1f80000)
 Metaspace       used 39782K, capacity 40530K, committed 40832K, reserved 1085440K
  class space    used 5417K, capacity 5668K, committed 5760K, reserved 1048576K
Event: 40.777 GC heap after
Heap after GC invocations=24 (full 2):
 PSYoungGen      total 74752K, used 5614K [0x00000000e0000000, 0x00000000e5000000, 0x0000000100000000)
  eden space 69120K, 0% used [0x00000000e0000000,0x00000000e0000000,0x00000000e4380000)
  from space 5632K, 99% used [0x00000000e4900000,0x00000000e4e7b8c8,0x00000000e4e80000)
  to   space 5632K, 0% used [0x00000000e4380000,0x00000000e4380000,0x00000000e4900000)
 ParOldGen       total 32256K, used 21043K [0x00000000a0000000, 0x00000000a1f80000, 0x00000000e0000000)
  object space 32256K, 65% used [0x00000000a0000000,0x00000000a148cf40,0x00000000a1f80000)
 Metaspace       used 39782K, capacity 40530K, committed 40832K, reserved 1085440K
  class space    used 5417K, capacity 5668K, committed 5760K, reserved 1048576K
}
Event: 73.564 GC heap before
{Heap before GC invocations=25 (full 2):
 PSYoungGen      total 74752K, used 74734K [0x00000000e0000000, 0x00000000e5000000, 0x0000000100000000)
  eden space 69120K, 100% used [0x00000000e0000000,0x00000000e4380000,0x00000000e4380000)
  from space 5632K, 99% used [0x00000000e4900000,0x00000000e4e7b8c8,0x00000000e4e80000)
  to   space 5632K, 0% used [0x00000000e4380000,0x00000000e4380000,0x00000000e4900000)
 ParOldGen       total 32256K, used 21043K [0x00000000a0000000, 0x00000000a1f80000, 0x00000000e0000000)
  object space 32256K, 65% used [0x00000000a0000000,0x00000000a148cf40,0x00000000a1f80000)
 Metaspace       used 40933K, capacity 41726K, committed 42112K, reserved 1085440K
  class space    used 5442K, capacity 5702K, committed 5760K, reserved 1048576K
Event: 73.578 GC heap after
Heap after GC invocations=25 (full 2):
 PSYoungGen      total 74752K, used 1760K [0x00000000e0000000, 0x00000000e6680000, 0x0000000100000000)
  eden space 69120K, 0% used [0x00000000e0000000,0x00000000e0000000,0x00000000e4380000)
  from space 5632K, 31% used [0x00000000e4380000,0x00000000e4538000,0x00000000e4900000)
  to   space 9728K, 0% used [0x00000000e5d00000,0x00000000e5d00000,0x00000000e6680000)
 ParOldGen       total 32256K, used 25834K [0x00000000a0000000, 0x00000000a1f80000, 0x00000000e0000000)
  object space 32256K, 80% used [0x00000000a0000000,0x00000000a193aa60,0x00000000a1f80000)
 Metaspace       used 40933K, capacity 41726K, committed 42112K, reserved 1085440K
  class space    used 5442K, capacity 5702K, committed 5760K, reserved 1048576K
}

