# JRE version: OpenJDK Runtime Environment (8.0_152-b02) (build 1.8.0_152-release-1024-b02)
# Java VM: OpenJDK 64-Bit Server VM (25.152-b02 mixed mode windows-amd64 compressed oops)
Heap:
 PSYoungGen      total 224256K, used 5909K [0x00000000e0000000, 0x00000000f0080000, 0x0000000100000000)
  eden space 219648K, 0% used [0x00000000e0000000,0x00000000e01516b8,0x00000000ed680000)
  from space 4608K, 98% used [0x00000000ee080000,0x00000000ee4f4040,0x00000000ee500000)
  to   space 21504K, 0% used [0x00000000eeb80000,0x00000000eeb80000,0x00000000f0080000)
 ParOldGen       total 96768K, used 64301K [0x00000000a0000000, 0x00000000a5e80000, 0x00000000e0000000)
  object space 96768K, 66% used [0x00000000a0000000,0x00000000a3ecb460,0x00000000a5e80000)
 Metaspace       used 84533K, capacity 88944K, committed 88960K, reserved 1126400K
  class space    used 10960K, capacity 11901K, committed 11904K, reserved 1048576K
GC Heap History (10 events):
Event: 206.688 GC heap before
{Heap before GC invocations=21 (full 3):
 PSYoungGen      total 229376K, used 219186K [0x00000000e0000000, 0x00000000f0300000, 0x0000000100000000)
  eden space 208896K, 100% used [0x00000000e0000000,0x00000000ecc00000,0x00000000ecc00000)
  from space 20480K, 50% used [0x00000000ecc00000,0x00000000ed60c960,0x00000000ee000000)
  to   space 19968K, 0% used [0x00000000eef80000,0x00000000eef80000,0x00000000f0300000)
 ParOldGen       total 96768K, used 48320K [0x00000000a0000000, 0x00000000a5e80000, 0x00000000e0000000)
  object space 96768K, 49% used [0x00000000a0000000,0x00000000a2f302e8,0x00000000a5e80000)
 Metaspace       used 79419K, capacity 83020K, committed 83328K, reserved 1122304K
  class space    used 10352K, capacity 11117K, committed 11136K, reserved 1048576K
Event: 206.732 GC heap after
Heap after GC invocations=21 (full 3):
 PSYoungGen      total 241152K, used 19967K [0x00000000e0000000, 0x00000000f1480000, 0x0000000100000000)
  eden space 221184K, 0% used [0x00000000e0000000,0x00000000e0000000,0x00000000ed800000)
  from space 19968K, 99% used [0x00000000eef80000,0x00000000f02fff58,0x00000000f0300000)
  to   space 24064K, 0% used [0x00000000ed800000,0x00000000ed800000,0x00000000eef80000)
 ParOldGen       total 96768K, used 51035K [0x00000000a0000000, 0x00000000a5e80000, 0x00000000e0000000)
  object space 96768K, 52% used [0x00000000a0000000,0x00000000a31d6ef0,0x00000000a5e80000)
 Metaspace       used 79419K, capacity 83020K, committed 83328K, reserved 1122304K
  class space    used 10352K, capacity 11117K, committed 11136K, reserved 1048576K
}
Event: 211.253 GC heap before
{Heap before GC invocations=22 (full 3):
 PSYoungGen      total 241152K, used 241151K [0x00000000e0000000, 0x00000000f1480000, 0x0000000100000000)
  eden space 221184K, 100% used [0x00000000e0000000,0x00000000ed800000,0x00000000ed800000)
  from space 19968K, 99% used [0x00000000eef80000,0x00000000f02fff58,0x00000000f0300000)
  to   space 24064K, 0% used [0x00000000ed800000,0x00000000ed800000,0x00000000eef80000)
 ParOldGen       total 96768K, used 51035K [0x00000000a0000000, 0x00000000a5e80000, 0x00000000e0000000)
  object space 96768K, 52% used [0x00000000a0000000,0x00000000a31d6ef0,0x00000000a5e80000)
 Metaspace       used 81439K, capacity 85326K, committed 85504K, reserved 1124352K
  class space    used 10602K, capacity 11422K, committed 11520K, reserved 1048576K
Event: 211.291 GC heap after
Heap after GC invocations=22 (full 3):
 PSYoungGen      total 245248K, used 1990K [0x00000000e0000000, 0x00000000f2300000, 0x0000000100000000)
  eden space 221184K, 0% used [0x00000000e0000000,0x00000000e0000000,0x00000000ed800000)
  from space 24064K, 8% used [0x00000000ed800000,0x00000000ed9f1b78,0x00000000eef80000)
  to   space 24064K, 0% used [0x00000000f0b80000,0x00000000f0b80000,0x00000000f2300000)
 ParOldGen       total 96768K, used 64277K [0x00000000a0000000, 0x00000000a5e80000, 0x00000000e0000000)
  object space 96768K, 66% used [0x00000000a0000000,0x00000000a3ec5460,0x00000000a5e80000)
 Metaspace       used 81439K, capacity 85326K, committed 85504K, reserved 1124352K
  class space    used 10602K, capacity 11422K, committed 11520K, reserved 1048576K
}
Event: 212.836 GC heap before
{Heap before GC invocations=23 (full 3):
 PSYoungGen      total 245248K, used 222969K [0x00000000e0000000, 0x00000000f2300000, 0x0000000100000000)
  eden space 221184K, 99% used [0x00000000e0000000,0x00000000ed7ccbc8,0x00000000ed800000)
  from space 24064K, 8% used [0x00000000ed800000,0x00000000ed9f1b78,0x00000000eef80000)
  to   space 24064K, 0% used [0x00000000f0b80000,0x00000000f0b80000,0x00000000f2300000)
 ParOldGen       total 96768K, used 64277K [0x00000000a0000000, 0x00000000a5e80000, 0x00000000e0000000)
  object space 96768K, 66% used [0x00000000a0000000,0x00000000a3ec5460,0x00000000a5e80000)
 Metaspace       used 82339K, capacity 86398K, committed 86656K, reserved 1124352K
  class space    used 10739K, capacity 11618K, committed 11648K, reserved 1048576K
Event: 212.845 GC heap after
Heap after GC invocations=23 (full 3):
 PSYoungGen      total 269824K, used 4576K [0x00000000e0000000, 0x00000000f2000000, 0x0000000100000000)
  eden space 248832K, 0% used [0x00000000e0000000,0x00000000e0000000,0x00000000ef300000)
  from space 20992K, 21% used [0x00000000f0b80000,0x00000000f0ff80a8,0x00000000f2000000)
  to   space 23040K, 0% used [0x00000000ef300000,0x00000000ef300000,0x00000000f0980000)
 ParOldGen       total 96768K, used 64285K [0x00000000a0000000, 0x00000000a5e80000, 0x00000000e0000000)
  object space 96768K, 66% used [0x00000000a0000000,0x00000000a3ec7460,0x00000000a5e80000)
 Metaspace       used 82339K, capacity 86398K, committed 86656K, reserved 1124352K
  class space    used 10739K, capacity 11618K, committed 11648K, reserved 1048576K
}
Event: 2677.697 GC heap before
{Heap before GC invocations=24 (full 3):
 PSYoungGen      total 269824K, used 253408K [0x00000000e0000000, 0x00000000f2000000, 0x0000000100000000)
  eden space 248832K, 100% used [0x00000000e0000000,0x00000000ef300000,0x00000000ef300000)
  from space 20992K, 21% used [0x00000000f0b80000,0x00000000f0ff80a8,0x00000000f2000000)
  to   space 23040K, 0% used [0x00000000ef300000,0x00000000ef300000,0x00000000f0980000)
 ParOldGen       total 96768K, used 64285K [0x00000000a0000000, 0x00000000a5e80000, 0x00000000e0000000)
  object space 96768K, 66% used [0x00000000a0000000,0x00000000a3ec7460,0x00000000a5e80000)
 Metaspace       used 83590K, capacity 87730K, committed 87808K, reserved 1126400K
  class space    used 10877K, capacity 11742K, committed 11776K, reserved 1048576K
Event: 2677.732 GC heap after
Heap after GC invocations=24 (full 3):
 PSYoungGen      total 248320K, used 9360K [0x00000000e0000000, 0x00000000f1400000, 0x0000000100000000)
  eden space 238592K, 0% used [0x00000000e0000000,0x00000000e0000000,0x00000000ee900000)
  from space 9728K, 96% used [0x00000000ef300000,0x00000000efc242a0,0x00000000efc80000)
  to   space 22016K, 0% used [0x00000000efe80000,0x00000000efe80000,0x00000000f1400000)
 ParOldGen       total 96768K, used 64293K [0x00000000a0000000, 0x00000000a5e80000, 0x00000000e0000000)
  object space 96768K, 66% used [0x00000000a0000000,0x00000000a3ec9460,0x00000000a5e80000)
 Metaspace       used 83590K, capacity 87730K, committed 87808K, reserved 1126400K
  class space    used 10877K, capacity 11742K, committed 11776K, reserved 1048576K
}
Event: 2683.191 GC heap before
{Heap before GC invocations=25 (full 3):
 PSYoungGen      total 248320K, used 247323K [0x00000000e0000000, 0x00000000f1400000, 0x0000000100000000)
  eden space 238592K, 99% used [0x00000000e0000000,0x00000000ee862a18,0x00000000ee900000)
  from space 9728K, 96% used [0x00000000ef300000,0x00000000efc242a0,0x00000000efc80000)
  to   space 22016K, 0% used [0x00000000efe80000,0x00000000efe80000,0x00000000f1400000)
 ParOldGen       total 96768K, used 64293K [0x00000000a0000000, 0x00000000a5e80000, 0x00000000e0000000)
  object space 96768K, 66% used [0x00000000a0000000,0x00000000a3ec9460,0x00000000a5e80000)
 Metaspace       used 84355K, capacity 88694K, committed 88960K, reserved 1126400K
  class space    used 10943K, capacity 11870K, committed 11904K, reserved 1048576K
Event: 2683.213 GC heap after
Heap after GC invocations=25 (full 3):
 PSYoungGen      total 242176K, used 12816K [0x00000000e0000000, 0x00000000f0b80000, 0x0000000100000000)
  eden space 228864K, 0% used [0x00000000e0000000,0x00000000e0000000,0x00000000edf80000)
  from space 13312K, 96% used [0x00000000efe80000,0x00000000f0b043d8,0x00000000f0b80000)
  to   space 22016K, 0% used [0x00000000ee080000,0x00000000ee080000,0x00000000ef600000)
 ParOldGen       total 96768K, used 64301K [0x00000000a0000000, 0x00000000a5e80000, 0x00000000e0000000)
  object space 96768K, 66% used [0x00000000a0000000,0x00000000a3ecb460,0x00000000a5e80000)
 Metaspace       used 84355K, capacity 88694K, committed 88960K, reserved 1126400K
  class space    used 10943K, capacity 11870K, committed 11904K, reserved 1048576K
}

